<?xml version='1.0' encoding='UTF-8' ?>
<testsuite tests="0" failures="0" errors="0" skipped="0" time="1.662470785696E9" timestamp="2022-09-06T13:26:25" hostname="localhost">
  <properties>
    <property name="device" value="Pixel_5_API_22(AVD) - 5.1.1" />
    <property name="flavor" value="" />
    <property name="project" value=":app" />
  </properties>
</testsuite>